c:\users\mariu\dev\graphics module\graphics_examples\graphics_examples\basic_wrapper\debug\vc142.pdb
c:\users\mariu\dev\graphics module\graphics_examples\graphics_examples\basic_wrapper\debug\vc142.idb
c:\users\mariu\dev\graphics module\graphics_examples\graphics_examples\basic_wrapper\debug\basic.obj
c:\users\mariu\dev\graphics module\graphics_examples\graphics_examples\basic_wrapper\debug\wrapper_glfw.obj
c:\users\mariu\dev\graphics module\graphics_examples\graphics_examples\debug\basic_wrapper.exe
c:\users\mariu\dev\graphics module\graphics_examples\graphics_examples\debug\basic_wrapper.ilk
c:\users\mariu\dev\graphics module\graphics_examples\graphics_examples\debug\basic_wrapper.pdb
c:\users\marius\desktop\dev\graphics module\graphics_examples\graphics_examples\basic_wrapper\debug\basic.obj
c:\users\marius\desktop\dev\graphics module\graphics_examples\graphics_examples\basic_wrapper\debug\wrapper_glfw.obj
c:\users\marius\desktop\dev\graphics module\graphics_examples\graphics_examples\basic_wrapper\debug\vc142.idb
c:\users\marius\desktop\dev\graphics module\graphics_examples\graphics_examples\basic_wrapper\debug\vc142.pdb
c:\users\marius\desktop\dev\graphics module\graphics_examples\graphics_examples\debug\basic_wrapper.pdb
c:\users\marius\desktop\dev\graphics module\graphics_examples\graphics_examples\debug\basic_wrapper.exe
c:\users\marius\desktop\dev\graphics module\graphics_examples\graphics_examples\debug\basic_wrapper.ilk
c:\users\marius\desktop\dev\graphics module\graphics_examples\graphics_examples\basic_wrapper\debug\basic_wrapper.tlog\cl.command.1.tlog
c:\users\marius\desktop\dev\graphics module\graphics_examples\graphics_examples\basic_wrapper\debug\basic_wrapper.tlog\cl.read.1.tlog
c:\users\marius\desktop\dev\graphics module\graphics_examples\graphics_examples\basic_wrapper\debug\basic_wrapper.tlog\cl.write.1.tlog
c:\users\marius\desktop\dev\graphics module\graphics_examples\graphics_examples\basic_wrapper\debug\basic_wrapper.tlog\link.command.1.tlog
c:\users\marius\desktop\dev\graphics module\graphics_examples\graphics_examples\basic_wrapper\debug\basic_wrapper.tlog\link.read.1.tlog
c:\users\marius\desktop\dev\graphics module\graphics_examples\graphics_examples\basic_wrapper\debug\basic_wrapper.tlog\link.write.1.tlog
