c:\users\mariu\dev\graphics module\graphics_examples\graphics_examples\assignment_one\debug\vc142.pdb
c:\users\mariu\dev\graphics module\graphics_examples\graphics_examples\assignment_one\debug\vc142.idb
c:\users\mariu\dev\graphics module\graphics_examples\graphics_examples\assignment_one\debug\poslight.obj
c:\users\mariu\dev\graphics module\graphics_examples\graphics_examples\assignment_one\debug\wrapper_glfw.obj
c:\users\mariu\dev\graphics module\graphics_examples\graphics_examples\assignment_one\debug\sphere.obj
c:\users\mariu\dev\graphics module\graphics_examples\graphics_examples\assignment_one\debug\cylinder.obj
c:\users\mariu\dev\graphics module\graphics_examples\graphics_examples\assignment_one\debug\cube.obj
c:\users\marius\desktop\dev\graphics module\graphics_examples\graphics_examples\assignment_one\debug\vc142.pdb
c:\users\marius\desktop\dev\graphics module\graphics_examples\graphics_examples\assignment_one\debug\vc142.idb
c:\users\marius\desktop\dev\graphics module\graphics_examples\graphics_examples\assignment_one\debug\poslight.obj
c:\users\marius\desktop\dev\graphics module\graphics_examples\graphics_examples\assignment_one\debug\wrapper_glfw.obj
c:\users\marius\desktop\dev\graphics module\graphics_examples\graphics_examples\assignment_one\debug\sphere.obj
c:\users\marius\desktop\dev\graphics module\graphics_examples\graphics_examples\assignment_one\debug\cylinder.obj
c:\users\marius\desktop\dev\graphics module\graphics_examples\graphics_examples\assignment_one\debug\cube.obj
c:\users\mariu\dev\graphics module\graphics_examples\graphics_examples\debug\assignment_one.exe
c:\users\mariu\dev\graphics module\graphics_examples\graphics_examples\debug\assignment_one.ilk
c:\users\mariu\dev\graphics module\graphics_examples\graphics_examples\debug\assignment_one.pdb
c:\users\marius\desktop\dev\graphics module\graphics_examples\graphics_examples\debug\assignment_one.ilk
c:\users\marius\desktop\dev\graphics module\graphics_examples\graphics_examples\debug\assignment_one.exe
c:\users\marius\desktop\dev\graphics module\graphics_examples\graphics_examples\debug\assignment_one.pdb
c:\users\marius\desktop\dev\graphics module\graphics_examples\graphics_examples\assignment_one\debug\assignment_one.tlog\cl.command.1.tlog
c:\users\marius\desktop\dev\graphics module\graphics_examples\graphics_examples\assignment_one\debug\assignment_one.tlog\cl.read.1.tlog
c:\users\marius\desktop\dev\graphics module\graphics_examples\graphics_examples\assignment_one\debug\assignment_one.tlog\cl.write.1.tlog
c:\users\marius\desktop\dev\graphics module\graphics_examples\graphics_examples\assignment_one\debug\assignment_one.tlog\link.command.1.tlog
c:\users\marius\desktop\dev\graphics module\graphics_examples\graphics_examples\assignment_one\debug\assignment_one.tlog\link.read.1.tlog
c:\users\marius\desktop\dev\graphics module\graphics_examples\graphics_examples\assignment_one\debug\assignment_one.tlog\link.write.1.tlog
