c:\users\marius\desktop\dev\graphics module\graphics_examples\graphics_examples\lab3\debug\vc142.pdb
c:\users\marius\desktop\dev\graphics module\graphics_examples\graphics_examples\lab3\debug\vc142.idb
c:\users\marius\desktop\dev\graphics module\graphics_examples\graphics_examples\lab3\debug\lab3start.obj
c:\users\marius\desktop\dev\graphics module\graphics_examples\graphics_examples\lab3\debug\wrapper_glfw.obj
c:\users\marius\desktop\dev\graphics module\graphics_examples\graphics_examples\lab3\debug\sphere.obj
c:\users\marius\desktop\dev\graphics module\graphics_examples\graphics_examples\lab3\debug\cube.obj
c:\users\marius\desktop\dev\graphics module\graphics_examples\graphics_examples\debug\lab3.exe
c:\users\marius\desktop\dev\graphics module\graphics_examples\graphics_examples\debug\lab3.ilk
c:\users\marius\desktop\dev\graphics module\graphics_examples\graphics_examples\debug\lab3.pdb
c:\users\marius\desktop\dev\graphics module\graphics_examples\graphics_examples\lab3\debug\cube.nativecodeanalysis.xml
c:\users\marius\desktop\dev\graphics module\graphics_examples\graphics_examples\lab3\debug\lab3start.nativecodeanalysis.xml
c:\users\marius\desktop\dev\graphics module\graphics_examples\graphics_examples\lab3\debug\sphere.nativecodeanalysis.xml
c:\users\marius\desktop\dev\graphics module\graphics_examples\graphics_examples\lab3\debug\vc.nativecodeanalysis.all.xml
c:\users\marius\desktop\dev\graphics module\graphics_examples\graphics_examples\lab3\debug\wrapper_glfw.nativecodeanalysis.xml
c:\users\marius\desktop\dev\graphics module\graphics_examples\graphics_examples\lab3\debug\lab3.tlog\cl.command.1.tlog
c:\users\marius\desktop\dev\graphics module\graphics_examples\graphics_examples\lab3\debug\lab3.tlog\cl.read.1.tlog
c:\users\marius\desktop\dev\graphics module\graphics_examples\graphics_examples\lab3\debug\lab3.tlog\cl.write.1.tlog
c:\users\marius\desktop\dev\graphics module\graphics_examples\graphics_examples\lab3\debug\lab3.tlog\link.command.1.tlog
c:\users\marius\desktop\dev\graphics module\graphics_examples\graphics_examples\lab3\debug\lab3.tlog\link.read.1.tlog
c:\users\marius\desktop\dev\graphics module\graphics_examples\graphics_examples\lab3\debug\lab3.tlog\link.write.1.tlog
